Arguments: 
  /Users/zhuxiaopeng/.nvm/versions/node/v6.14.2/bin/node /usr/local/bin/yarn

PATH: 
  /Users/zhuxiaopeng/.nvm/versions/node/v6.14.2/bin:/Applications/XAMPP/bin:/Applications/XAMPP/bin:/usr/local/bin:/usr/bin:/bin:/usr/sbin:/sbin

Yarn version: 
  1.5.1

Node version: 
  6.14.2

Platform: 
  darwin x64

npm manifest: 
  {
    "name": "three",
    "version": "0.90.0",
    "description": "JavaScript 3D library",
    "main": "build/three.js",
    "repository": "mrdoob/three.js",
    "jsnext:main": "build/three.module.js",
    "module": "build/three.module.js",
    "files": [
      "package.json",
      "bower.json",
      "LICENSE",
      "README.md",
      "build/three.js",
      "build/three.min.js",
      "build/three.module.js",
      "src",
      "examples/js",
      "examples/fonts"
    ],
    "directories": {
      "doc": "docs",
      "example": "examples",
      "test": "test"
    },
    "eslintConfig": {
      "extends": "mdcs"
    },
    "scripts": {
      "build": "rollup -c",
      "build-test": "rollup -c test/rollup.unit.config.js",
      "build-uglify": "rollup -c && uglifyjs build/three.js -cm --preamble \"// threejs.org/license\" > build/three.min.js",
      "build-closure": "rollup -c && java -jar node_modules/google-closure-compiler/compiler.jar --warning_level=VERBOSE --jscomp_off=globalThis --jscomp_off=checkTypes --externs utils/build/externs.js --language_in=ECMASCRIPT5_STRICT --js build/three.js --js_output_file build/three.min.js",
      "dev": "concurrently --names \"ROLLUP,HTTP\" -c \"bgBlue.bold,bgGreen.bold\" \"serve --port 8080\"",
      "dev-all": "concurrently --names \"ROLLUP,HTTP\" -c \"bgBlue.bold,bgGreen.bold\" \"rollup -c -w -m inline\" \"serve --port 8080\"",
      "dev-test": "concurrently --names \"ROLLUP,ROLLUPTEST,HTTP\" -c \"bgBlue.bold,bgRed.bold,bgGreen.bold\" \"rollup -c -w -m inline\" \"rollup -c test/rollup.unit.config.js -w -m inline\" \"serve --port 8080\"",
      "start": "npm run dev",
      "lint": "eslint src",
      "test": "npm run build-test && qunit test/unit/three.source.unit.js",
      "editor": "electron ./editor/main.js",
      "deploy": "cp -R ./build ./docs/build && gh-pages -d docs"
    },
    "keywords": [
      "three",
      "three.js",
      "3d",
      "webgl"
    ],
    "author": "mrdoob",
    "license": "MIT",
    "bugs": {
      "url": "https://github.com/mrdoob/three.js/issues"
    },
    "homepage": "https://threejs.org/",
    "devDependencies": {
      "concurrently": "^3.5.0",
      "electron": "1.7.11",
      "eslint": "^4.1.1",
      "eslint-config-mdcs": "^4.2.2",
      "google-closure-compiler": "20180101.0.0",
      "qunit": "^2.4.0",
      "rollup": "^0.55.1",
      "rollup-watch": "^4.0.0",
      "serve": "6.4.9",
      "uglify-js": "^3.0.23",
      "gh-pages": "^1.1.0"
    }
  }

yarn manifest: 
  No manifest

Lockfile: 
  No lockfile

Trace: 
  Error: /Users/zhuxiaopeng/Desktop/personJOB/threejs.org/node_modules/electron: Command failed.
  Exit code: 1
  Command: sh
  Arguments: -c node install.js
  Directory: /Users/zhuxiaopeng/Desktop/personJOB/threejs.org/node_modules/electron
  Output:
  /Users/zhuxiaopeng/Desktop/personJOB/threejs.org/node_modules/electron/install.js:48
    throw err
    ^
  
  Error: read ETIMEDOUT
      at exports._errnoException (util.js:1020:11)
      at TLSWrap.onread (net.js:580:26)
      at ProcessTermError.Error (native)
      at ProcessTermError.MessageError (/usr/local/lib/node_modules/yarn/lib/cli.js:186:110)
      at new ProcessTermError (/usr/local/lib/node_modules/yarn/lib/cli.js:226:113)
      at ChildProcess.<anonymous> (/usr/local/lib/node_modules/yarn/lib/cli.js:30281:17)
      at emitTwo (events.js:106:13)
      at ChildProcess.emit (events.js:191:7)
      at maybeClose (internal/child_process.js:920:16)
      at Socket.<anonymous> (internal/child_process.js:351:11)
      at emitOne (events.js:96:13)
      at Socket.emit (events.js:188:7)
